This is pdfTeX, Version 3.1415926-2.5-1.40.14 (MiKTeX 2.9) (preloaded format=pdflatex 2015.2.19)  28 JAN 2017 16:49
entering extended mode
**C:/Users/juanmiguel/Documents/USB*Files*Temporary*Storage/3rd*Yr.*-*2nd*Sem/C
S*145/Lab*Exercises/LabEx*1/LabEx1_201440093.tex

("C:/Users/juanmiguel/Documents/USB Files Temporary Storage/3rd Yr. - 2nd Sem/C
S 145/Lab Exercises/LabEx 1/LabEx1_201440093.tex"
LaTeX2e <2011/06/27>
Babel <v3.8m> and hyphenation patterns for english, afrikaans, ancientgreek, ar
abic, armenian, assamese, basque, bengali, bokmal, bulgarian, catalan, coptic, 
croatian, czech, danish, dutch, esperanto, estonian, farsi, finnish, french, ga
lician, german, german-x-2013-05-26, greek, gujarati, hindi, hungarian, iceland
ic, indonesian, interlingua, irish, italian, kannada, kurmanji, latin, latvian,
 lithuanian, malayalam, marathi, mongolian, mongolianlmc, monogreek, ngerman, n
german-x-2013-05-26, nynorsk, oriya, panjabi, pinyin, polish, portuguese, roman
ian, russian, sanskrit, serbian, slovak, slovenian, spanish, swedish, swissgerm
an, tamil, telugu, turkish, turkmen, ukenglish, ukrainian, uppersorbian, usengl
ishmax, welsh, loaded.
(C:\Users\juanmiguel\Downloads\tex\latex\base\article.cls
Document Class: article 2007/10/19 v1.4h Standard LaTeX document class
(C:\Users\juanmiguel\Downloads\tex\latex\base\size11.clo
File: size11.clo 2007/10/19 v1.4h Standard LaTeX file (size option)
)
\c@part=\count79
\c@section=\count80
\c@subsection=\count81
\c@subsubsection=\count82
\c@paragraph=\count83
\c@subparagraph=\count84
\c@figure=\count85
\c@table=\count86
\abovecaptionskip=\skip41
\belowcaptionskip=\skip42
\bibindent=\dimen102
)
(C:\Users\juanmiguel\Downloads\tex\latex\amsmath\amsmath.sty
Package: amsmath 2013/01/14 v2.14 AMS math features
\@mathmargin=\skip43

For additional information on amsmath, use the `?' option.
(C:\Users\juanmiguel\Downloads\tex\latex\amsmath\amstext.sty
Package: amstext 2000/06/29 v2.01

(C:\Users\juanmiguel\Downloads\tex\latex\amsmath\amsgen.sty
File: amsgen.sty 1999/11/30 v2.0
\@emptytoks=\toks14
\ex@=\dimen103
))
(C:\Users\juanmiguel\Downloads\tex\latex\amsmath\amsbsy.sty
Package: amsbsy 1999/11/29 v1.2d
\pmbraise@=\dimen104
)
(C:\Users\juanmiguel\Downloads\tex\latex\amsmath\amsopn.sty
Package: amsopn 1999/12/14 v2.01 operator names
)
\inf@bad=\count87
LaTeX Info: Redefining \frac on input line 210.
\uproot@=\count88
\leftroot@=\count89
LaTeX Info: Redefining \overline on input line 306.
\classnum@=\count90
\DOTSCASE@=\count91
LaTeX Info: Redefining \ldots on input line 378.
LaTeX Info: Redefining \dots on input line 381.
LaTeX Info: Redefining \cdots on input line 466.
\Mathstrutbox@=\box26
\strutbox@=\box27
\big@size=\dimen105
LaTeX Font Info:    Redeclaring font encoding OML on input line 566.
LaTeX Font Info:    Redeclaring font encoding OMS on input line 567.
\macc@depth=\count92
\c@MaxMatrixCols=\count93
\dotsspace@=\muskip10
\c@parentequation=\count94
\dspbrk@lvl=\count95
\tag@help=\toks15
\row@=\count96
\column@=\count97
\maxfields@=\count98
\andhelp@=\toks16
\eqnshift@=\dimen106
\alignsep@=\dimen107
\tagshift@=\dimen108
\tagwidth@=\dimen109
\totwidth@=\dimen110
\lineht@=\dimen111
\@envbody=\toks17
\multlinegap=\skip44
\multlinetaggap=\skip45
\mathdisplay@stack=\toks18
LaTeX Info: Redefining \[ on input line 2665.
LaTeX Info: Redefining \] on input line 2666.
)
(C:\Users\juanmiguel\Downloads\tex\latex\amsfonts\amssymb.sty
Package: amssymb 2013/01/14 v3.01 AMS font symbols

(C:\Users\juanmiguel\Downloads\tex\latex\amsfonts\amsfonts.sty
Package: amsfonts 2013/01/14 v3.01 Basic AMSFonts support
\symAMSa=\mathgroup4
\symAMSb=\mathgroup5
LaTeX Font Info:    Overwriting math alphabet `\mathfrak' in version `bold'
(Font)                  U/euf/m/n --> U/euf/b/n on input line 106.
))
(C:\Users\juanmiguel\Downloads\tex\latex\was\upgreek.sty
Package: upgreek 2003/02/12 v2.0 (WaS)
Package upgreek Info: Using Euler Roman for upright Greek on input line 31.
\symugrf@m=\mathgroup6
LaTeX Font Info:    Overwriting symbol font `ugrf@m' in version `bold'
(Font)                  U/eur/m/n --> U/eur/b/n on input line 38.
)
(C:\Users\juanmiguel\Downloads\tex\latex\base\latexsym.sty
Package: latexsym 1998/08/17 v2.2e Standard LaTeX package (lasy symbols)
\symlasy=\mathgroup7
LaTeX Font Info:    Overwriting symbol font `lasy' in version `bold'
(Font)                  U/lasy/m/n --> U/lasy/b/n on input line 47.
)
(C:\Users\juanmiguel\Downloads\tex\latex\graphics\graphicx.sty
Package: graphicx 1999/02/16 v1.0f Enhanced LaTeX Graphics (DPC,SPQR)

(C:\Users\juanmiguel\Downloads\tex\latex\graphics\keyval.sty
Package: keyval 1999/03/16 v1.13 key=value parser (DPC)
\KV@toks@=\toks19
)
(C:\Users\juanmiguel\Downloads\tex\latex\graphics\graphics.sty
Package: graphics 2009/02/05 v1.0o Standard LaTeX Graphics (DPC,SPQR)

(C:\Users\juanmiguel\Downloads\tex\latex\graphics\trig.sty
Package: trig 1999/03/16 v1.09 sin cos tan (DPC)
)
(C:\Users\juanmiguel\Downloads\tex\latex\00miktex\graphics.cfg
File: graphics.cfg 2007/01/18 v1.5 graphics configuration of teTeX/TeXLive
)
Package graphics Info: Driver file: pdftex.def on input line 91.

(C:\Users\juanmiguel\Downloads\tex\latex\pdftex-def\pdftex.def
File: pdftex.def 2011/05/27 v0.06d Graphics/color for pdfTeX

(C:\Users\juanmiguel\Downloads\tex\generic\oberdiek\infwarerr.sty
Package: infwarerr 2010/04/08 v1.3 Providing info/warning/error messages (HO)
)
(C:\Users\juanmiguel\Downloads\tex\generic\oberdiek\ltxcmds.sty
Package: ltxcmds 2011/11/09 v1.22 LaTeX kernel commands for general use (HO)
)
\Gread@gobject=\count99
))
\Gin@req@height=\dimen112
\Gin@req@width=\dimen113
)
("C:\Users\juanmiguel\Documents\USB Files Temporary Storage\3rd Yr. - 2nd Sem\C
S 145\Lab Exercises\LabEx 1\LabEx1_201440093.aux")
LaTeX Font Info:    Checking defaults for OML/cmm/m/it on input line 16.
LaTeX Font Info:    ... okay on input line 16.
LaTeX Font Info:    Checking defaults for T1/cmr/m/n on input line 16.
LaTeX Font Info:    ... okay on input line 16.
LaTeX Font Info:    Checking defaults for OT1/cmr/m/n on input line 16.
LaTeX Font Info:    ... okay on input line 16.
LaTeX Font Info:    Checking defaults for OMS/cmsy/m/n on input line 16.
LaTeX Font Info:    ... okay on input line 16.
LaTeX Font Info:    Checking defaults for OMX/cmex/m/n on input line 16.
LaTeX Font Info:    ... okay on input line 16.
LaTeX Font Info:    Checking defaults for U/cmr/m/n on input line 16.
LaTeX Font Info:    ... okay on input line 16.

(C:\Users\juanmiguel\Downloads\tex\context\base\supp-pdf.mkii
[Loading MPS to PDF converter (version 2006.09.02).]
\scratchcounter=\count100
\scratchdimen=\dimen114
\scratchbox=\box28
\nofMPsegments=\count101
\nofMParguments=\count102
\everyMPshowfont=\toks20
\MPscratchCnt=\count103
\MPscratchDim=\dimen115
\MPnumerator=\count104
\makeMPintoPDFobject=\count105
\everyMPtoPDFconversion=\toks21
)
LaTeX Font Info:    Try loading font information for U+msa on input line 32.
 (C:\Users\juanmiguel\Downloads\tex\latex\amsfonts\umsa.fd
File: umsa.fd 2013/01/14 v3.01 AMS symbols A
)
LaTeX Font Info:    Try loading font information for U+msb on input line 32.

(C:\Users\juanmiguel\Downloads\tex\latex\amsfonts\umsb.fd
File: umsb.fd 2013/01/14 v3.01 AMS symbols B
)
LaTeX Font Info:    Try loading font information for U+lasy on input line 32.

(C:\Users\juanmiguel\Downloads\tex\latex\base\ulasy.fd
File: ulasy.fd 1998/08/17 v2.2e LaTeX symbol font definitions
)
<LEPic_1D.png, id=1, 828.09375pt x 411.03563pt>
File: LEPic_1D.png Graphic file (type png)
 <use LEPic_1D.png>
Package pdftex.def Info: LEPic_1D.png used on input line 41.
(pdftex.def)             Requested size: 414.04587pt x 205.5173pt.

Overfull \hbox (59.26602pt too wide) in paragraph at lines 41--42
 [] 
 []


Overfull \hbox (57.38692pt too wide) in paragraph at lines 51--52
[]\OT1/cmr/m/n/10.95 The two web-sites are \OT1/cmr/bx/n/10.95 www.vatican.va/ 
\OT1/cmr/m/n/10.95 and \OT1/cmr/bx/n/10.95 w2.vatican.va/content/vatican.html\O
T1/cmr/m/n/10.95 ,
 []

<LEPic_2A_1.png, id=3, 828.09375pt x 411.03563pt>
File: LEPic_2A_1.png Graphic file (type png)
 <use LEPic_2A_1.png>
Package pdftex.def Info: LEPic_2A_1.png used on input line 54.
(pdftex.def)             Requested size: 414.04587pt x 205.5173pt.

<LEPic_2A_2.png, id=4, 827.34094pt x 408.77719pt>
File: LEPic_2A_2.png Graphic file (type png)
 <use LEPic_2A_2.png>
Package pdftex.def Info: LEPic_2A_2.png used on input line 55.
(pdftex.def)             Requested size: 413.66946pt x 204.38809pt.

Overfull \hbox (59.26602pt too wide) in paragraph at lines 54--56
 [] 
 []


Overfull \hbox (58.88962pt too wide) in paragraph at lines 54--56
 [] 
 []

[1

{C:/Users/juanmiguel/Downloads/pdftex/config/pdftex.map} <C:/Users/juanmiguel/D
ocuments/USB Files Temporary Storage/3rd Yr. - 2nd Sem/CS 145/Lab Exercises/Lab
Ex 1/LEPic_1D.png>] <LEPic_2B.png, id=15, 384.6872pt x 55.70813pt>
File: LEPic_2B.png Graphic file (type png)

<use LEPic_2B.png>
Package pdftex.def Info: LEPic_2B.png used on input line 62.
(pdftex.def)             Requested size: 384.68625pt x 55.70798pt.

Overfull \hbox (29.9064pt too wide) in paragraph at lines 62--63
 [] 
 []

[2 <C:/Users/juanmiguel/Documents/USB Files Temporary Storage/3rd Yr. - 2nd Sem
/CS 145/Lab Exercises/LabEx 1/LEPic_2A_1.png> <C:/Users/juanmiguel/Documents/US
B Files Temporary Storage/3rd Yr. - 2nd Sem/CS 145/Lab Exercises/LabEx 1/LEPic_
2A_2.png> <C:/Users/juanmiguel/Documents/USB Files Temporary Storage/3rd Yr. - 
2nd Sem/CS 145/Lab Exercises/LabEx 1/LEPic_2B.png>]
("C:\Users\juanmiguel\Documents\USB Files Temporary Storage\3rd Yr. - 2nd Sem\C
S 145\Lab Exercises\LabEx 1\LabEx1_201440093.aux") ) 
Here is how much of TeX's memory you used:
 2112 strings out of 493921
 26783 string characters out of 3146516
 76882 words of memory out of 3000000
 5394 multiletter control sequences out of 15000+200000
 10714 words of font info for 42 fonts, out of 3000000 for 9000
 841 hyphenation exceptions out of 8191
 27i,5n,26p,464b,320s stack positions out of 5000i,500n,10000p,200000b,50000s
<C:/Users/juanmiguel/Downlo
ads/fonts/type1/public/amsfonts/cm/cmbx10.pfb><C:/Users/juanmiguel/Downloads/fo
nts/type1/public/amsfonts/cm/cmbx12.pfb><C:/Users/juanmiguel/Downloads/fonts/ty
pe1/public/amsfonts/cm/cmmi10.pfb><C:/Users/juanmiguel/Downloads/fonts/type1/pu
blic/amsfonts/cm/cmr10.pfb><C:/Users/juanmiguel/Downloads/fonts/type1/public/am
sfonts/cm/cmti10.pfb>
Output written on LabEx1_201440093.pdf (2 pages, 229363 bytes).
PDF statistics:
 38 PDF objects out of 1000 (max. 8388607)
 0 named destinations out of 1000 (max. 500000)
 21 words of extra memory for PDF output out of 10000 (max. 10000000)

